<?xml version="1.0" encoding="UTF-8"?>
<!-- Generated by org.testng.reporters.JUnitXMLReporter -->
<testsuite ignored="0" hostname="IN-OLX-PF2SH88V" failures="0" tests="6" name="Default test" time="17.161" errors="0" timestamp="2024-08-24T18:22:53 IST">
  <testcase classname="api.test.DataDrivenTests" name="testPostUser" time="4.324"/>
  <testcase classname="api.test.DataDrivenTests" name="testPostUser" time="3.484"/>
  <testcase classname="api.test.DataDrivenTests" name="testPostUser" time="1.913"/>
  <testcase classname="api.test.DataDrivenTests" name="testDeleteUserByName" time="1.86"/>
  <testcase classname="api.test.DataDrivenTests" name="testDeleteUserByName" time="2.565"/>
  <testcase classname="api.test.DataDrivenTests" name="testDeleteUserByName" time="1.595"/>
</testsuite> <!-- Default test -->
