<?xml version="1.0" encoding="UTF-8"?>
<!-- Generated by org.testng.reporters.JUnitXMLReporter -->
<testsuite ignored="0" hostname="IN-OLX-PF2SH88V" failures="0" tests="4" name="PetTests" time="14.456" errors="0" timestamp="2024-08-24T21:16:37 IST">
  <testcase classname="api.test.UserTests2" name="testPostUser" time="4.596"/>
  <testcase classname="api.test.UserTests2" name="testGetUserByName" time="2.754"/>
  <testcase classname="api.test.UserTests2" name="testUpdateUserByName" time="4.435"/>
  <testcase classname="api.test.UserTests2" name="testDeleteUserByName" time="2.208"/>
</testsuite> <!-- PetTests -->
