<?xml version="1.0" encoding="UTF-8"?>
<!-- Generated by org.testng.reporters.JUnitXMLReporter -->
<testsuite ignored="0" hostname="IN-OLX-PF2SH88V" failures="0" tests="4" name="PetTests" time="15.425" errors="0" timestamp="2024-08-24T20:53:38 IST">
  <testcase classname="api.test.UserTests2" name="testPostUser" time="4.859"/>
  <testcase classname="api.test.UserTests2" name="testGetUserByName" time="2.057"/>
  <testcase classname="api.test.UserTests2" name="testUpdateUserByName" time="4.693"/>
  <testcase classname="api.test.UserTests2" name="testDeleteUserByName" time="2.557"/>
</testsuite> <!-- PetTests -->
